<?xml version="1.0" encoding="UTF-8"?>
<!-- Generated by org.testng.reporters.JUnitReportReporter -->
<testsuite hostname="DESKTOP-NP0OUFO" failures="0" tests="2" name="com.crm.Demo.Orgnization.orgTest" time="0.021" errors="0" timestamp="30 Dec 2021 09:21:19 GMT" skipped="0">
  <testcase classname="com.crm.Demo.Orgnization.orgTest" name="deleteOrg" time="0.006"/>
  <testcase classname="com.crm.Demo.Orgnization.orgTest" name="createOrg" time="0.015"/>
</testsuite> <!-- com.crm.Demo.Orgnization.orgTest -->
