<?xml version="1.0" encoding="UTF-8"?>
<!-- Generated by org.testng.reporters.JUnitReportReporter -->
<testsuite hostname="DESKTOP-NP0OUFO" failures="0" tests="2" name="com.crm.Demo.Contacts.ContactTest" time="0.016" errors="0" timestamp="30 Dec 2021 09:20:59 GMT" skipped="0">
  <testcase classname="com.crm.Demo.Contacts.ContactTest" name="deleteContact" time="0.002"/>
  <testcase classname="com.crm.Demo.Contacts.ContactTest" name="createContact" time="0.014"/>
</testsuite> <!-- com.crm.Demo.Contacts.ContactTest -->
